Using pre-set license
Built from '2020.3/staging' branch; Version is '2020.3.6f1 (338bb68529b2) revision 3378102'; Using compiler version '192528614'; Build Type 'Release'
OS: 'Windows 10 Pro; OS build 19043.1237; Version 2009; 64bit' Language: 'en' Physical Memory: 32717 MB
BatchMode: 1, IsHumanControllingUs: 0, StartBugReporterOnCrash: 0, Is64bit: 1, IsPro: 0

 COMMAND LINE ARGUMENTS:
C:\Program Files\Unity\Hub\Editor\2020.3.6f1\Editor\Unity.exe
-adb2
-batchMode
-noUpm
-name
AssetImportWorker0
-projectPath
C:/Users/Geo/UnityProjects/Heart Beat
-logFile
Logs/AssetImportWorker0.log
-srvPort
59605
Successfully changed project path to: C:/Users/Geo/UnityProjects/Heart Beat
C:/Users/Geo/UnityProjects/Heart Beat
Using Asset Import Pipeline V2.
Refreshing native plugins compatible for Editor in 47.78 ms, found 1 plugins.
Preloading 0 native plugins for Editor in 0.00 ms.
Initialize engine version: 2020.3.6f1 (338bb68529b2)
[Subsystems] Discovering subsystems at path C:/Program Files/Unity/Hub/Editor/2020.3.6f1/Editor/Data/Resources/UnitySubsystems
[Subsystems] Discovering subsystems at path C:/Users/Geo/UnityProjects/Heart Beat/Assets
GfxDevice: creating device client; threaded=0
Direct3D:
    Version:  Direct3D 11.0 [level 11.1]
    Renderer: NVIDIA GeForce RTX 2070 SUPER (ID=0x1e84)
    Vendor:   
    VRAM:     8011 MB
    Driver:   27.21.14.6089
Shader 'Universal Render Pipeline/Particles/Lit': fallback shader 'Universal Render Pipeline/Particles/SimpleLit' not found
Initialize mono
Mono path[0] = 'C:/Program Files/Unity/Hub/Editor/2020.3.6f1/Editor/Data/Managed'
Mono path[1] = 'C:/Program Files/Unity/Hub/Editor/2020.3.6f1/Editor/Data/MonoBleedingEdge/lib/mono/unityjit'
Mono config path = 'C:/Program Files/Unity/Hub/Editor/2020.3.6f1/Editor/Data/MonoBleedingEdge/etc'
Using monoOptions --debugger-agent=transport=dt_socket,embedding=1,server=y,suspend=n,address=127.0.0.1:56332
Begin MonoManager ReloadAssembly
Registering precompiled unity dll's ...
Register platform support module: C:/Program Files/Unity/Hub/Editor/2020.3.6f1/Editor/Data/PlaybackEngines/WebGLSupport/UnityEditor.WebGL.Extensions.dll
Register platform support module: C:/Program Files/Unity/Hub/Editor/2020.3.6f1/Editor/Data/PlaybackEngines/WindowsStandaloneSupport/UnityEditor.WindowsStandalone.Extensions.dll
Registered in 0.002207 seconds.
Native extension for WindowsStandalone target not found
Native extension for WebGL target not found
Refreshing native plugins compatible for Editor in 49.05 ms, found 1 plugins.
Preloading 0 native plugins for Editor in 0.00 ms.
Mono: successfully reloaded assembly
- Completed reload, in  1.168 seconds
Platform modules already initialized, skipping
Registering precompiled user dll's ...
Registered in 0.001641 seconds.
Begin MonoManager ReloadAssembly
Native extension for WindowsStandalone target not found
Native extension for WebGL target not found
Refreshing native plugins compatible for Editor in 50.84 ms, found 1 plugins.
Preloading 0 native plugins for Editor in 0.00 ms.
Mono: successfully reloaded assembly
- Completed reload, in  0.941 seconds
Platform modules already initialized, skipping
========================================================================
Worker process is ready to serve import requests
Shader 'Universal Render Pipeline/Particles/Lit': fallback shader 'Universal Render Pipeline/Particles/SimpleLit' not found
Launched and connected shader compiler UnityShaderCompiler.exe after 0.03 seconds
Refreshing native plugins compatible for Editor in 0.54 ms, found 1 plugins.
Preloading 0 native plugins for Editor in 0.00 ms.
Unloading 3001 Unused Serialized files (Serialized files now loaded: 0)
System memory in use before: 134.2 MB.
System memory in use after: 134.4 MB.

Unloading 20 unused Assets to reduce memory usage. Loaded Objects now: 3451.
Total: 2.156700 ms (FindLiveObjects: 0.299400 ms CreateObjectMapping: 0.085000 ms MarkObjects: 1.714600 ms  DeleteObjects: 0.056900 ms)

========================================================================
Received Import Request.
  path: Assets/Prefabs/Bullet.prefab
  artifactKey: Guid(c4be5332b1bf3cd45b7a1f63d7ba0283) Importer(815301076,1909f56bfc062723c751e8b465ee728b)
Start importing Assets/Prefabs/Bullet.prefab using Guid(c4be5332b1bf3cd45b7a1f63d7ba0283) Importer(815301076,1909f56bfc062723c751e8b465ee728b)  -> (artifact id: 'e7f2b166f36873ad08d43f63eace74f3') in 0.193506 seconds
  Import took 0.198344 seconds .

========================================================================
Received Import Request.
  Time since last request: 0.000240 seconds.
  path: Assets/Prefabs/Player.prefab
  artifactKey: Guid(8fc2420ba84a1cb4b87a1dd648cfb369) Importer(815301076,1909f56bfc062723c751e8b465ee728b)
Start importing Assets/Prefabs/Player.prefab using Guid(8fc2420ba84a1cb4b87a1dd648cfb369) Importer(815301076,1909f56bfc062723c751e8b465ee728b)  -> (artifact id: 'adda3370167e2a1a3bbbc36f35faab3f') in 0.030775 seconds
  Import took 0.035213 seconds .

========================================================================
Received Import Request.
  Time since last request: 0.000177 seconds.
  path: Assets/Prefabs/PlayerCam.prefab
  artifactKey: Guid(7e4e592c6e21e884984b42f7c65b1117) Importer(815301076,1909f56bfc062723c751e8b465ee728b)
Start importing Assets/Prefabs/PlayerCam.prefab using Guid(7e4e592c6e21e884984b42f7c65b1117) Importer(815301076,1909f56bfc062723c751e8b465ee728b)  -> (artifact id: '5079040477774dd8b48cf72f60989180') in 0.008972 seconds
  Import took 0.012935 seconds .

========================================================================
Received Import Request.
  Time since last request: 33.981869 seconds.
  path: Assets/Prefabs/HealthBar.prefab
  artifactKey: Guid(2b75be88ef5e3c947b08e1f91c5da515) Importer(815301076,1909f56bfc062723c751e8b465ee728b)
Start importing Assets/Prefabs/HealthBar.prefab using Guid(2b75be88ef5e3c947b08e1f91c5da515) Importer(815301076,1909f56bfc062723c751e8b465ee728b)  -> (artifact id: '3717dd3631c0ef33595729ee33f511e4') in 0.016175 seconds
  Import took 0.020726 seconds .

========================================================================
Received Import Request.
  Time since last request: 0.019628 seconds.
  path: Assets/Prefabs/HealthBar.prefab
  artifactKey: Guid(2b75be88ef5e3c947b08e1f91c5da515) Importer(815301076,1909f56bfc062723c751e8b465ee728b)
Start importing Assets/Prefabs/HealthBar.prefab using Guid(2b75be88ef5e3c947b08e1f91c5da515) Importer(815301076,1909f56bfc062723c751e8b465ee728b)  -> (artifact id: '3717dd3631c0ef33595729ee33f511e4') in 0.003620 seconds
  Import took 0.008297 seconds .

========================================================================
Received Import Request.
  Time since last request: 42.705394 seconds.
  path: Assets/Scripts/UI/HealthBar.cs
  artifactKey: Guid(fb1154745c0eaf4479e4dfdc717c324b) Importer(815301076,1909f56bfc062723c751e8b465ee728b)
Start importing Assets/Scripts/UI/HealthBar.cs using Guid(fb1154745c0eaf4479e4dfdc717c324b) Importer(815301076,1909f56bfc062723c751e8b465ee728b)  -> (artifact id: '8c9d81b4bb404a58461ba1b6f9ba52bd') in 0.011903 seconds
  Import took 0.017527 seconds .

AssetImportWorkerClient::OnTransportError - code=2 error=End of file
